<?xml version="1.0" encoding="UTF-8"?>
<!-- Generated by org.testng.reporters.JUnitReportReporter -->
<testsuite skipped="0" hostname="Muhammads-MacBook-Pro.local" name="tests.TestRegisterPage" tests="34" failures="0" timestamp="06 Apr 2017 12:55:57 GMT" time="54.615" errors="0">
  <testcase name="testEmailFieldWithEmptyEmail" time="1.135" classname="tests.TestRegisterPage"/>
  <testcase name="testPasswordFieldWithSixCharacter" time="1.088" classname="tests.TestRegisterPage"/>
  <testcase name="testLastNameWithTwoChar" time="1.156" classname="tests.TestRegisterPage"/>
  <testcase name="testPasswordFieldWithEmptyPassword" time="1.432" classname="tests.TestRegisterPage"/>
  <testcase name="testUserTypeWithRandomOption" time="1.440" classname="tests.TestRegisterPage"/>
  <testcase name="testUserTypeWithoutSelectedOption" time="2.866" classname="tests.TestRegisterPage"/>
  <testcase name="testDateOfBirthWithValidCredential" time="0.058" classname="tests.TestRegisterPage"/>
  <testcase name="testGenderWithoutSelectedOption" time="2.464" classname="tests.TestRegisterPage"/>
  <testcase name="testPasswordFieldWithFiveCharacter" time="1.485" classname="tests.TestRegisterPage"/>
  <testcase name="testPhoneNumberWithEmptyDigitNumber" time="2.728" classname="tests.TestRegisterPage"/>
  <testcase name="testFirstNameWithThirtyChar" time="1.312" classname="tests.TestRegisterPage"/>
  <testcase name="testFirstNameWithThirtyOneChar" time="1.293" classname="tests.TestRegisterPage"/>
  <testcase name="testGenderWithRandomOption" time="1.310" classname="tests.TestRegisterPage"/>
  <testcase name="testFirstNameWithEmptyField" time="1.955" classname="tests.TestRegisterPage"/>
  <testcase name="testLastNameWithEmptyField" time="1.781" classname="tests.TestRegisterPage"/>
  <testcase name="testConfirmPasswordFieldWithValidPasswordAndSameConfirmPassword" time="1.337" classname="tests.TestRegisterPage"/>
  <testcase name="testPhoneNumberWithCharacter" time="1.232" classname="tests.TestRegisterPage"/>
  <testcase name="testEmailFieldWithValidEmailID" time="1.239" classname="tests.TestRegisterPage"/>
  <testcase name="testLastNameWithNumericData" time="1.032" classname="tests.TestRegisterPage"/>
  <testcase name="testPasswordFieldWithTwentyOneCharacter" time="1.953" classname="tests.TestRegisterPage"/>
  <testcase name="testPasswordFieldWithTwentyCharacter" time="1.510" classname="tests.TestRegisterPage"/>
  <testcase name="testPhoneNumberWithOneDigitNumber" time="1.251" classname="tests.TestRegisterPage"/>
  <testcase name="testPhoneNumberWithValidSixteenDigitNumber" time="1.415" classname="tests.TestRegisterPage"/>
  <testcase name="testFirstNameWithNumericData" time="1.648" classname="tests.TestRegisterPage"/>
  <testcase name="testLastNameWithThirtyOneChar" time="1.943" classname="tests.TestRegisterPage"/>
  <testcase name="testLastNameWithThirtyChar" time="1.274" classname="tests.TestRegisterPage"/>
  <testcase name="testDateOfBirthWithInvalidCredential" time="3.431" classname="tests.TestRegisterPage"/>
  <testcase name="testPasswordFieldWithNumberAndCharacter" time="1.610" classname="tests.TestRegisterPage"/>
  <testcase name="testDateOfBirthWithEmptyCredential" time="0.057" classname="tests.TestRegisterPage"/>
  <testcase name="testFirstNameWithTwoChar" time="1.493" classname="tests.TestRegisterPage"/>
  <testcase name="testLastNameWithOneChar" time="1.238" classname="tests.TestRegisterPage"/>
  <testcase name="testFirstNameWithOneChar" time="1.840" classname="tests.TestRegisterPage"/>
  <testcase name="testConfirmPasswordFieldWithValidPasswordAndDifferentConfirmPassword" time="1.830" classname="tests.TestRegisterPage"/>
  <testcase name="testEmailFieldWithInValidEmailId" time="3.779" classname="tests.TestRegisterPage"/>
</testsuite> <!-- tests.TestRegisterPage -->
