<?xml version="1.0" encoding="UTF-8"?>
<!-- Generated by org.testng.reporters.JUnitReportReporter -->
<testsuite skipped="0" hostname="Muhammads-MacBook-Pro.local" name="tests.TestSigninPage" tests="7" failures="0" timestamp="17 Apr 2017 03:33:33 GMT" time="12.529" errors="0">
  <testcase name="testWithValidEmailAndValidPassword" time="3.124" classname="tests.TestSigninPage"/>
  <testcase name="testWithEmptyEmailAndEmptyPassword" time="2.043" classname="tests.TestSigninPage"/>
  <testcase name="testWithInvalidEmailAndInValidPassword" time="1.095" classname="tests.TestSigninPage"/>
  <testcase name="testWithValidEmailAndEmptyPassword" time="1.130" classname="tests.TestSigninPage"/>
  <testcase name="testWithValidEmailAndInValidPassword" time="1.381" classname="tests.TestSigninPage"/>
  <testcase name="testWithEmptyEmailAndValidPassword" time="2.217" classname="tests.TestSigninPage"/>
  <testcase name="testWithInValidEmailAndValidPassword" time="1.539" classname="tests.TestSigninPage"/>
</testsuite> <!-- tests.TestSigninPage -->
