<?xml version="1.0" encoding="UTF-8"?>
<!-- Generated by org.testng.reporters.JUnitReportReporter -->
<testsuite skipped="0" hostname="Muhammads-MacBook-Pro.local" name="tests.TestJobSearchPage" tests="2" failures="0" timestamp="17 Apr 2017 03:33:33 GMT" time="6.506" errors="0">
  <testcase name="testJobSearchWithoutSelectionCategory" time="1.921" classname="tests.TestJobSearchPage"/>
  <testcase name="testJobSearchWithRandomlySelectedCategory" time="4.585" classname="tests.TestJobSearchPage"/>
</testsuite> <!-- tests.TestJobSearchPage -->
