<?xml version="1.0" encoding="UTF-8"?>
<!-- Generated by org.testng.reporters.JUnitReportReporter -->
<testsuite skipped="0" hostname="Muhammads-MBP.domain.actdsltmp" name="tests.TestSigninPage" tests="7" failures="0" timestamp="02 Apr 2017 20:49:27 GMT" time="11.872" errors="0">
  <testcase name="testWithValidEmailAndEmptyPassword" time="1.397" classname="tests.TestSigninPage"/>
  <testcase name="testWithEmptyEmailAndEmptyPassword" time="2.389" classname="tests.TestSigninPage"/>
  <testcase name="testWithInvalidEmailAndInValidPassword" time="1.213" classname="tests.TestSigninPage"/>
  <testcase name="testWithEmptyEmailAndValidPassword" time="1.452" classname="tests.TestSigninPage"/>
  <testcase name="testWithValidEmailAndValidPassword" time="2.885" classname="tests.TestSigninPage"/>
  <testcase name="testWithValidEmailAndInValidPassword" time="1.309" classname="tests.TestSigninPage"/>
  <testcase name="testWithInValidEmailAndValidPassword" time="1.227" classname="tests.TestSigninPage"/>
</testsuite> <!-- tests.TestSigninPage -->
