<?xml version="1.0" encoding="UTF-8"?>
<!-- Generated by org.testng.reporters.JUnitReportReporter -->
<testsuite skipped="0" hostname="Muhammads-MBP.domain.actdsltmp" name="tests.TestSigninPage" tests="7" failures="0" timestamp="04 Apr 2017 22:02:18 GMT" time="11.035" errors="0">
  <testcase name="testWithValidEmailAndInValidPassword" time="1.491" classname="tests.TestSigninPage"/>
  <testcase name="testWithInValidEmailAndValidPassword" time="1.396" classname="tests.TestSigninPage"/>
  <testcase name="testWithEmptyEmailAndValidPassword" time="1.250" classname="tests.TestSigninPage"/>
  <testcase name="testWithEmptyEmailAndEmptyPassword" time="1.693" classname="tests.TestSigninPage"/>
  <testcase name="testWithValidEmailAndValidPassword" time="3.271" classname="tests.TestSigninPage"/>
  <testcase name="testWithInvalidEmailAndInValidPassword" time="0.926" classname="tests.TestSigninPage"/>
  <testcase name="testWithValidEmailAndEmptyPassword" time="1.008" classname="tests.TestSigninPage"/>
</testsuite> <!-- tests.TestSigninPage -->
